[19:07:37] [ServerMain/INFO]: [bootstrap] Running Java 21 (Java HotSpot(TM) 64-Bit Server VM 21.0.4+8-LTS-274; Oracle Corporation null) on Windows 11 10.0 (amd64)
[19:07:37] [ServerMain/INFO]: [bootstrap] Loading Leaves 1.21.1-81-master@ec5a806 (2024-11-16T03:56:27Z) for Minecraft 1.21.1
[19:07:38] [ServerMain/WARN]: [oshi.driver.windows.perfmon.PerfmonDisabled] Invalid registry value type detected for PerfOS counters. Should be REG_DWORD. Ignoring: HKEY_LOCAL_MACHINE\SYSTEM\CurrentControlSet\Services\PerfOS\Performance\Disable Performance Counters.
[19:07:38] [ServerMain/INFO]: [PluginInitializerManager] Initializing plugins...
[19:07:38] [ServerMain/INFO]: [PluginInitializerManager] Initialized 0 plugins
[19:07:42] [ServerMain/INFO]: Environment: Environment[sessionHost=https://sessionserver.mojang.com, servicesHost=https://api.minecraftservices.com, name=PROD]
[19:07:43] [ServerMain/INFO]: Found new data pack file/bukkit, loading it automatically
[19:07:43] [ServerMain/INFO]: Found new data pack paper, loading it automatically
[19:07:43] [ServerMain/INFO]: No existing world data, creating new world
[19:07:44] [ServerMain/INFO]: Loaded 1290 recipes
[19:07:44] [ServerMain/INFO]: Loaded 1399 advancements
[19:07:45] [Server thread/INFO]: Starting minecraft server version 1.21.1
[19:07:45] [Server thread/INFO]: Loading properties
[19:07:45] [Server thread/INFO]: This server is running Leaves version 1.21.1-81-master@ec5a806 (2024-11-16T03:56:27Z) (Implementing API version 1.21.1-R0.1-SNAPSHOT)
[19:07:45] [Server thread/INFO]: [spark] This server bundles the spark profiler. For more information please visit https://docs.papermc.io/paper/profiling
[19:07:46] [Server thread/INFO]: Server Ping Player Sample Count: 12
[19:07:46] [Server thread/INFO]: Using 4 threads for Netty based IO
[19:07:46] [Server thread/INFO]: [ChunkTaskScheduler] Chunk system is using 1 I/O threads, 2 worker threads, and population gen parallelism of 2 threads
[19:07:47] [Server thread/INFO]: Default game type: SURVIVAL
[19:07:47] [Server thread/INFO]: Generating keypair
[19:07:47] [Server thread/INFO]: Starting Minecraft server on *:25565
[19:07:47] [Server thread/INFO]: Using default channel type
[19:07:47] [Server thread/INFO]: Paper: Using Java compression from Velocity.
[19:07:47] [Server thread/INFO]: Paper: Using Java cipher from Velocity.
[19:07:47] [Server thread/INFO]: Preparing level "world"
[19:07:52] [Server thread/INFO]: Preparing start region for dimension minecraft:overworld
[19:07:55] [Server thread/INFO]: Time elapsed: 2607 ms
[19:07:55] [Server thread/INFO]: Preparing start region for dimension minecraft:the_nether
[19:07:56] [Server thread/INFO]: Time elapsed: 992 ms
[19:07:56] [Server thread/INFO]: Preparing start region for dimension minecraft:the_end
[19:07:56] [Server thread/INFO]: Time elapsed: 203 ms
[19:07:56] [Server thread/INFO]: [spark] Starting background profiler...
[19:07:56] [Server thread/INFO]: [spark] The async-profiler engine is not supported for your os/arch (windows11/amd64), so the built-in Java engine will be used instead.
[19:07:56] [Server thread/INFO]: Done preparing level "world" (9.620s)
[19:07:56] [Server thread/INFO]: Running delayed init tasks
[19:07:56] [Server thread/INFO]: Done (20.051s)! For help, type "help"
[19:07:56] [Server thread/INFO]: *************************************************************************************
[19:07:56] [Server thread/INFO]: This is the first time you're starting this server.
[19:07:56] [Server thread/INFO]: It's recommended you read our 'Getting Started' documentation for guidance.
[19:07:56] [Server thread/INFO]: View this and more helpful information here: https://docs.leavesmc.org/leaves/guides/next-steps
[19:07:56] [Server thread/INFO]: *************************************************************************************
